This is pdfTeX, Version 3.14159265-2.6-1.40.17 (MiKTeX 2.9.6210 64-bit) (preloaded format=pdflatex 2017.3.7)  7 MAR 2017 19:12
entering extended mode
**./report.tex
(report.tex
LaTeX2e <2017/01/01> patch level 1
Babel <3.9r> and hyphenation patterns for 75 language(s) loaded.
("C:\Program Files\MiKTeX 2.9\tex\latex\base\article.cls"
Document Class: article 2014/09/29 v1.4h Standard LaTeX document class
("C:\Program Files\MiKTeX 2.9\tex\latex\base\size10.clo"
File: size10.clo 2014/09/29 v1.4h Standard LaTeX file (size option)
)
\c@part=\count79
\c@section=\count80
\c@subsection=\count81
\c@subsubsection=\count82
\c@paragraph=\count83
\c@subparagraph=\count84
\c@figure=\count85
\c@table=\count86
\abovecaptionskip=\skip41
\belowcaptionskip=\skip42
\bibindent=\dimen102
)
("C:\Program Files\MiKTeX 2.9\tex\latex\base\inputenc.sty"
Package: inputenc 2015/03/17 v1.2c Input encoding file
\inpenc@prehook=\toks14
\inpenc@posthook=\toks15

("C:\Program Files\MiKTeX 2.9\tex\latex\ucs\utf8x.def"
File: utf8x.def 2004/10/17 UCS: Input encoding UTF-8
))
("C:\Program Files\MiKTeX 2.9\tex\latex\ucs\ucs.sty"
Package: ucs 2013/05/11 v2.2 UCS: Unicode input support

("C:\Program Files\MiKTeX 2.9\tex\latex\ucs\uni-global.def"
File: uni-global.def 2013/05/13 UCS: Unicode global data
)
\uc@secondtry=\count87
\uc@combtoks=\toks16
\uc@combtoksb=\toks17
\uc@temptokena=\toks18
)
("C:\Program Files\MiKTeX 2.9\tex\latex\base\fontenc.sty"
Package: fontenc 2017/01/24 v2.0c Standard LaTeX package

("C:\Program Files\MiKTeX 2.9\tex\latex\base\t1enc.def"
File: t1enc.def 2017/01/24 v2.0c Standard LaTeX file
LaTeX Font Info:    Redeclaring font encoding T1 on input line 48.
)
("C:\Program Files\MiKTeX 2.9\tex\latex\cyrillic\t2aenc.def"
File: t2aenc.def 2005/09/27 v1.0i Cyrillic encoding definition file
)
LaTeX Font Info:    Try loading font information for T2A+cmr on input line 105.


("C:\Program Files\MiKTeX 2.9\tex\latex\cyrillic\t2acmr.fd"
File: t2acmr.fd 2001/08/11 v1.0a Computer Modern Cyrillic font definitions
))
("C:\Program Files\MiKTeX 2.9\tex\generic\babel\babel.sty"
Package: babel 2016/04/23 3.9r The Babel package

*************************************
* Local config file bblopts.cfg used
*
("C:\Program Files\MiKTeX 2.9\tex\latex\arabi\bblopts.cfg"
File: bblopts.cfg 2005/09/08 v0.1 add Arabic and Farsi to "declared" options of
 babel
)
("C:\Program Files\MiKTeX 2.9\tex\latex\babel-russian\russianb.ldf"
Language: russianb 2017/01/12 1.3i Russian support for the Babel system

("C:\Program Files\MiKTeX 2.9\tex\generic\babel\babel.def"
File: babel.def 2016/04/23 3.9r Babel common definitions
\babel@savecnt=\count88
\U@D=\dimen103
)
Package babel Info: Making " an active character on input line 111.
))
("C:\Program Files\MiKTeX 2.9\tex\latex\hyperref\hyperref.sty"
Package: hyperref 2016/06/24 v6.83q Hypertext links for LaTeX

("C:\Program Files\MiKTeX 2.9\tex\generic\oberdiek\hobsub-hyperref.sty"
Package: hobsub-hyperref 2016/05/16 v1.14 Bundle oberdiek, subset hyperref (HO)


("C:\Program Files\MiKTeX 2.9\tex\generic\oberdiek\hobsub-generic.sty"
Package: hobsub-generic 2016/05/16 v1.14 Bundle oberdiek, subset generic (HO)
Package: hobsub 2016/05/16 v1.14 Construct package bundles (HO)
Package: infwarerr 2016/05/16 v1.4 Providing info/warning/error messages (HO)
Package: ltxcmds 2016/05/16 v1.23 LaTeX kernel commands for general use (HO)
Package: ifluatex 2016/05/16 v1.4 Provides the ifluatex switch (HO)
Package ifluatex Info: LuaTeX not detected.
Package: ifvtex 2016/05/16 v1.6 Detect VTeX and its facilities (HO)
Package ifvtex Info: VTeX not detected.
Package: intcalc 2016/05/16 v1.2 Expandable calculations with integers (HO)
Package: ifpdf 2016/05/14 v3.1 Provides the ifpdf switch
Package: etexcmds 2016/05/16 v1.6 Avoid name clashes with e-TeX commands (HO)
Package etexcmds Info: Could not find \expanded.
(etexcmds)             That can mean that you are not using pdfTeX 1.50 or
(etexcmds)             that some package has redefined \expanded.
(etexcmds)             In the latter case, load this package earlier.
Package: kvsetkeys 2016/05/16 v1.17 Key value parser (HO)
Package: kvdefinekeys 2016/05/16 v1.4 Define keys (HO)
Package: pdftexcmds 2016/05/21 v0.22 Utility functions of pdfTeX for LuaTeX (HO
)
Package pdftexcmds Info: LuaTeX not detected.
Package pdftexcmds Info: \pdf@primitive is available.
Package pdftexcmds Info: \pdf@ifprimitive is available.
Package pdftexcmds Info: \pdfdraftmode found.
Package: pdfescape 2016/05/16 v1.14 Implements pdfTeX's escape features (HO)
Package: bigintcalc 2016/05/16 v1.4 Expandable calculations on big integers (HO
)
Package: bitset 2016/05/16 v1.2 Handle bit-vector datatype (HO)
Package: uniquecounter 2016/05/16 v1.3 Provide unlimited unique counter (HO)
)
Package hobsub Info: Skipping package `hobsub' (already loaded).
Package: letltxmacro 2016/05/16 v1.5 Let assignment for LaTeX macros (HO)
Package: hopatch 2016/05/16 v1.3 Wrapper for package hooks (HO)
Package: xcolor-patch 2016/05/16 xcolor patch
Package: atveryend 2016/05/16 v1.9 Hooks at the very end of document (HO)
Package atveryend Info: \enddocument detected (standard20110627).
Package: atbegshi 2016/06/09 v1.18 At begin shipout hook (HO)
Package: refcount 2016/05/16 v3.5 Data extraction from label references (HO)
Package: hycolor 2016/05/16 v1.8 Color options for hyperref/bookmark (HO)
)
("C:\Program Files\MiKTeX 2.9\tex\latex\graphics\keyval.sty"
Package: keyval 2014/10/28 v1.15 key=value parser (DPC)
\KV@toks@=\toks19
)
("C:\Program Files\MiKTeX 2.9\tex\generic\ifxetex\ifxetex.sty"
Package: ifxetex 2010/09/12 v0.6 Provides ifxetex conditional
)
("C:\Program Files\MiKTeX 2.9\tex\latex\oberdiek\auxhook.sty"
Package: auxhook 2016/05/16 v1.4 Hooks for auxiliary files (HO)
)
("C:\Program Files\MiKTeX 2.9\tex\latex\oberdiek\kvoptions.sty"
Package: kvoptions 2016/05/16 v3.12 Key value format for package options (HO)
)
\@linkdim=\dimen104
\Hy@linkcounter=\count89
\Hy@pagecounter=\count90

("C:\Program Files\MiKTeX 2.9\tex\latex\hyperref\pd1enc.def"
File: pd1enc.def 2016/06/24 v6.83q Hyperref: PDFDocEncoding definition (HO)
)
\Hy@SavedSpaceFactor=\count91
Package hyperref Info: Option `unicode' set `true' on input line 3453.

("C:\Program Files\MiKTeX 2.9\tex\latex\hyperref\puenc.def"
File: puenc.def 2016/06/24 v6.83q Hyperref: PDF Unicode definition (HO)
)
("C:\Program Files\MiKTeX 2.9\tex\latex\00miktex\hyperref.cfg"
File: hyperref.cfg 2002/06/06 v1.2 hyperref configuration of TeXLive
)
Package hyperref Info: Hyper figures OFF on input line 4486.
Package hyperref Info: Link nesting OFF on input line 4491.
Package hyperref Info: Hyper index ON on input line 4494.
Package hyperref Info: Plain pages OFF on input line 4501.
Package hyperref Info: Backreferencing OFF on input line 4506.
Package hyperref Info: Implicit mode ON; LaTeX internals redefined.
Package hyperref Info: Bookmarks ON on input line 4735.
\c@Hy@tempcnt=\count92

("C:\Program Files\MiKTeX 2.9\tex\latex\url\url.sty"
\Urlmuskip=\muskip10
Package: url 2013/09/16  ver 3.4  Verb mode for urls, etc.
)
LaTeX Info: Redefining \url on input line 5088.
\XeTeXLinkMargin=\dimen105
\Fld@menulength=\count93
\Field@Width=\dimen106
\Fld@charsize=\dimen107
Package hyperref Info: Hyper figures OFF on input line 6342.
Package hyperref Info: Link nesting OFF on input line 6347.
Package hyperref Info: Hyper index ON on input line 6350.
Package hyperref Info: backreferencing OFF on input line 6357.
Package hyperref Info: Link coloring OFF on input line 6362.
Package hyperref Info: Link coloring with OCG OFF on input line 6367.
Package hyperref Info: PDF/A mode OFF on input line 6372.
LaTeX Info: Redefining \ref on input line 6412.
LaTeX Info: Redefining \pageref on input line 6416.
\Hy@abspage=\count94
\c@Item=\count95
\c@Hfootnote=\count96
)

Package hyperref Message: Driver (autodetected): hpdftex.

("C:\Program Files\MiKTeX 2.9\tex\latex\hyperref\hpdftex.def"
File: hpdftex.def 2016/06/24 v6.83q Hyperref driver for pdfTeX
\Fld@listcount=\count97
\c@bookmark@seq@number=\count98

("C:\Program Files\MiKTeX 2.9\tex\latex\oberdiek\rerunfilecheck.sty"
Package: rerunfilecheck 2016/05/16 v1.8 Rerun checks for auxiliary files (HO)
Package uniquecounter Info: New unique counter `rerunfilecheck' on input line 2
82.
)
\Hy@SectionHShift=\skip43
)
("C:\Program Files\MiKTeX 2.9\tex\latex\tools\indentfirst.sty"
Package: indentfirst 1995/11/23 v1.03 Indent first paragraph (DPC)
)
("C:\Program Files\MiKTeX 2.9\tex\latex\graphics\color.sty"
Package: color 2016/07/10 v1.1e Standard LaTeX Color (DPC)

("C:\Program Files\MiKTeX 2.9\tex\latex\graphics-cfg\color.cfg"
File: color.cfg 2016/01/02 v1.6 sample color configuration
)
Package color Info: Driver file: pdftex.def on input line 147.

("C:\Program Files\MiKTeX 2.9\tex\latex\graphics-def\pdftex.def"
File: pdftex.def 2017/01/12 v0.06k Graphics/color for pdfTeX
\Gread@gobject=\count99
))
("C:\Program Files\MiKTeX 2.9\tex\latex\listings\listings.sty"
\lst@mode=\count100
\lst@gtempboxa=\box26
\lst@token=\toks20
\lst@length=\count101
\lst@currlwidth=\dimen108
\lst@column=\count102
\lst@pos=\count103
\lst@lostspace=\dimen109
\lst@width=\dimen110
\lst@newlines=\count104
\lst@lineno=\count105
\lst@maxwidth=\dimen111

("C:\Program Files\MiKTeX 2.9\tex\latex\listings\lstmisc.sty"
File: lstmisc.sty 2015/06/04 1.6 (Carsten Heinz)
\c@lstnumber=\count106
\lst@skipnumbers=\count107
\lst@framebox=\box27
)
("C:\Program Files\MiKTeX 2.9\tex\latex\listings\listings.cfg"
File: listings.cfg 2015/06/04 1.6 listings configuration
))
Package: listings 2015/06/04 1.6 (Carsten Heinz)

("C:\Program Files\MiKTeX 2.9\tex\latex\ltxmisc\here.sty")
("C:\Program Files\MiKTeX 2.9\tex\latex\tools\array.sty"
Package: array 2016/10/06 v2.4d Tabular extension package (FMi)
\col@sep=\dimen112
\extrarowheight=\dimen113
\NC@list=\toks21
\extratabsurround=\skip44
\backup@length=\skip45
)
("C:\Program Files\MiKTeX 2.9\tex\latex\multirow\multirow.sty"
Package: multirow 2016/11/25 v2.2 Span multiple rows of a table
\multirow@colwidth=\skip46
\multirow@cntb=\count108
\multirow@dima=\skip47
\bigstrutjot=\dimen114
)
("C:\Program Files\MiKTeX 2.9\tex\latex\graphics\graphicx.sty"
Package: graphicx 2014/10/28 v1.0g Enhanced LaTeX Graphics (DPC,SPQR)

("C:\Program Files\MiKTeX 2.9\tex\latex\graphics\graphics.sty"
Package: graphics 2016/10/09 v1.0u Standard LaTeX Graphics (DPC,SPQR)

("C:\Program Files\MiKTeX 2.9\tex\latex\graphics\trig.sty"
Package: trig 2016/01/03 v1.10 sin cos tan (DPC)
)
("C:\Program Files\MiKTeX 2.9\tex\latex\graphics-cfg\graphics.cfg"
File: graphics.cfg 2016/06/04 v1.11 sample graphics configuration
)
Package graphics Info: Driver file: pdftex.def on input line 99.
)
\Gin@req@height=\dimen115
\Gin@req@width=\dimen116
)
("C:\Program Files\MiKTeX 2.9\tex\latex\caption\caption.sty"
Package: caption 2016/02/21 v3.3-144 Customizing captions (AR)

("C:\Program Files\MiKTeX 2.9\tex\latex\caption\caption3.sty"
Package: caption3 2016/05/22 v1.7-166 caption3 kernel (AR)
Package caption3 Info: TeX engine: e-TeX on input line 67.
\captionmargin=\dimen117
\captionmargin@=\dimen118
\captionwidth=\dimen119
\caption@tempdima=\dimen120
\caption@indent=\dimen121
\caption@parindent=\dimen122
\caption@hangindent=\dimen123
)
\c@ContinuedFloat=\count109
Package caption Info: hyperref package is loaded.
Package caption Info: listings package is loaded.
)
("C:\Program Files\MiKTeX 2.9\tex\latex\listings\lstlang1.sty"
File: lstlang1.sty 2015/06/04 1.6 listings language file
) (report.aux)
\openout1 = `report.aux'.

LaTeX Font Info:    Checking defaults for OML/cmm/m/it on input line 36.
LaTeX Font Info:    ... okay on input line 36.
LaTeX Font Info:    Checking defaults for T1/cmr/m/n on input line 36.
LaTeX Font Info:    ... okay on input line 36.
LaTeX Font Info:    Checking defaults for OT1/cmr/m/n on input line 36.
LaTeX Font Info:    ... okay on input line 36.
LaTeX Font Info:    Checking defaults for OMS/cmsy/m/n on input line 36.
LaTeX Font Info:    ... okay on input line 36.
LaTeX Font Info:    Checking defaults for OMX/cmex/m/n on input line 36.
LaTeX Font Info:    ... okay on input line 36.
LaTeX Font Info:    Checking defaults for U/cmr/m/n on input line 36.
LaTeX Font Info:    ... okay on input line 36.
LaTeX Font Info:    Checking defaults for T2A/cmr/m/n on input line 36.
LaTeX Font Info:    ... okay on input line 36.
LaTeX Font Info:    Checking defaults for PD1/pdf/m/n on input line 36.
LaTeX Font Info:    ... okay on input line 36.
LaTeX Font Info:    Checking defaults for PU/pdf/m/n on input line 36.
LaTeX Font Info:    ... okay on input line 36.

("C:\Program Files\MiKTeX 2.9\tex\latex\ucs\ucsencs.def"
File: ucsencs.def 2011/01/21 Fixes to fontencodings LGR, T3
)
\AtBeginShipoutBox=\box28
Package hyperref Info: Link coloring OFF on input line 36.

("C:\Program Files\MiKTeX 2.9\tex\latex\hyperref\nameref.sty"
Package: nameref 2016/05/21 v2.44 Cross-referencing by name of section

("C:\Program Files\MiKTeX 2.9\tex\generic\oberdiek\gettitlestring.sty"
Package: gettitlestring 2016/05/16 v1.5 Cleanup title references (HO)
)
\c@section@level=\count110
)
LaTeX Info: Redefining \ref on input line 36.
LaTeX Info: Redefining \pageref on input line 36.
LaTeX Info: Redefining \nameref on input line 36.

(report.out) (report.out)
\@outlinefile=\write3
\openout3 = `report.out'.


("C:\Program Files\MiKTeX 2.9\tex\context\base\supp-pdf.mkii"
[Loading MPS to PDF converter (version 2006.09.02).]
\scratchcounter=\count111
\scratchdimen=\dimen124
\scratchbox=\box29
\nofMPsegments=\count112
\nofMParguments=\count113
\everyMPshowfont=\toks22
\MPscratchCnt=\count114
\MPscratchDim=\dimen125
\MPnumerator=\count115
\makeMPintoPDFobject=\count116
\everyMPtoPDFconversion=\toks23
) ("C:\Program Files\MiKTeX 2.9\tex\latex\oberdiek\epstopdf-base.sty"
Package: epstopdf-base 2016/05/15 v2.6 Base part for package epstopdf

("C:\Program Files\MiKTeX 2.9\tex\latex\oberdiek\grfext.sty"
Package: grfext 2016/05/16 v1.2 Manage graphics extensions (HO)
)
Package epstopdf-base Info: Redefining graphics rule for `.eps' on input line 4
38.
Package grfext Info: Graphics extension search list:
(grfext)             [.png,.pdf,.jpg,.mps,.jpeg,.jbig2,.jb2,.PNG,.PDF,.JPG,.JPE
G,.JBIG2,.JB2,.eps]
(grfext)             \AppendGraphicsExtensions on input line 456.
)
\c@lstlisting=\count117
Package caption Info: Begin \AtBeginDocument code.
Package caption Info: End \AtBeginDocument code.

("C:\Program Files\MiKTeX 2.9\tex\latex\ucs\uni-4.def"
File: uni-4.def 2013/05/13 UCS: Unicode data U+0400..U+04FF
)
Overfull \hbox (9.75429pt too wide) in paragraph at lines 63--63
[]\T2A/cmr/bx/n/12 Преподаватель:  
 []

LaTeX Font Info:    External font `cmex10' loaded for size
(Font)              <7> on input line 68.
LaTeX Font Info:    External font `cmex10' loaded for size
(Font)              <5> on input line 68.
Package babel Info: Redefining russian shorthand "|
(babel)             in language append on input line 79.
Package babel Info: Redefining russian shorthand "~
(babel)             in language append on input line 79.
Package babel Info: Redefining russian shorthand "|
(babel)             in language append on input line 79.
Package babel Info: Redefining russian shorthand "~
(babel)             in language append on input line 79.
[1

{C:/ProgramData/MiKTeX/2.9/pdftex/config/pdftex.map}] (report.toc)
\tf@toc=\write4
\openout4 = `report.toc'.

Package babel Info: Redefining russian shorthand "|
(babel)             in language append on input line 84.
Package babel Info: Redefining russian shorthand "~
(babel)             in language append on input line 84.
Package babel Info: Redefining russian shorthand "|
(babel)             in language append on input line 84.
Package babel Info: Redefining russian shorthand "~
(babel)             in language append on input line 84.
pdfTeX warning (ext4): destination with the same identifier (name{page.1}) has 
been already used, duplicate ignored
<to be read again> 
                   \relax 
l.84 \newpage
              [1]
Package babel Info: Redefining russian shorthand "|
(babel)             in language append on input line 86.
Package babel Info: Redefining russian shorthand "~
(babel)             in language append on input line 86.

Underfull \hbox (badness 10000) in paragraph at lines 87--88

 []

Package babel Info: Redefining russian shorthand "|
(babel)             in language append on input line 90.
Package babel Info: Redefining russian shorthand "~
(babel)             in language append on input line 90.

Underfull \hbox (badness 10000) in paragraph at lines 91--92

 []

Package babel Info: Redefining russian shorthand "|
(babel)             in language append on input line 93.
Package babel Info: Redefining russian shorthand "~
(babel)             in language append on input line 93.
LaTeX Font Info:    Try loading font information for OMS+cmr on input line 95.
("C:\Program Files\MiKTeX 2.9\tex\latex\base\omscmr.fd"
File: omscmr.fd 2014/09/29 v2.5h Standard LaTeX font definitions
)
LaTeX Font Info:    Font shape `OMS/cmr/m/n' in size <10> not available
(Font)              Font shape `OMS/cmsy/m/n' tried instead on input line 95.
Package babel Info: Redefining russian shorthand "|
(babel)             in language append on input line 105.
Package babel Info: Redefining russian shorthand "~
(babel)             in language append on input line 105.
Package babel Info: Redefining russian shorthand "|
(babel)             in language append on input line 108.
Package babel Info: Redefining russian shorthand "~
(babel)             in language append on input line 108.
Package babel Info: Redefining russian shorthand "|
(babel)             in language append on input line 111.
Package babel Info: Redefining russian shorthand "~
(babel)             in language append on input line 111.
Package babel Info: Redefining russian shorthand "|
(babel)             in language append on input line 114.
Package babel Info: Redefining russian shorthand "~
(babel)             in language append on input line 114.
Package babel Info: Redefining russian shorthand "|
(babel)             in language append on input line 116.
Package babel Info: Redefining russian shorthand "~
(babel)             in language append on input line 116.
Package babel Info: Redefining russian shorthand "|
(babel)             in language append on input line 124.
Package babel Info: Redefining russian shorthand "~
(babel)             in language append on input line 124.

Overfull \hbox (2.97424pt too wide) in paragraph at lines 125--126
[]\T2A/cmr/m/n/10 Библиотека - яд-ро при-ло-же-ния. Здесь со-дер-жат-ся ос-нов-
ные клас-сы, необ-
 []

Package babel Info: Redefining russian shorthand "|
(babel)             in language append on input line 126.
Package babel Info: Redefining russian shorthand "~
(babel)             in language append on input line 126.
Package babel Info: Redefining russian shorthand "|
(babel)             in language append on input line 126.
Package babel Info: Redefining russian shorthand "~
(babel)             in language append on input line 126.
[2]
Package babel Info: Redefining russian shorthand "|
(babel)             in language append on input line 128.
Package babel Info: Redefining russian shorthand "~
(babel)             in language append on input line 128.
Package babel Info: Redefining russian shorthand "|
(babel)             in language append on input line 137.
Package babel Info: Redefining russian shorthand "~
(babel)             in language append on input line 137.

Overfull \hbox (10.81955pt too wide) in paragraph at lines 138--139
[]\T2A/cmr/m/n/10 Для со-зда-ния гра-фи-че-ско-го при-ло-же-ния бы-ла вы-бра-на
 биб-лио-те-ка LWJGL 
 []


Underfull \hbox (badness 10000) in paragraph at lines 138--139

 []

<mainGUI.png, id=104, 493.0922pt x 510.40688pt>
File: mainGUI.png Graphic file (type png)
 <use mainGUI.png>
Package pdftex.def Info: mainGUI.png used on input line 144.
(pdftex.def)             Requested size: 246.54549pt x 255.2028pt.

<gameGUI.png, id=107, 493.0922pt x 508.90125pt>
File: gameGUI.png Graphic file (type png)
 <use gameGUI.png>
Package pdftex.def Info: gameGUI.png used on input line 154.
(pdftex.def)             Requested size: 246.54549pt x 254.45pt.
Package babel Info: Redefining russian shorthand "|
(babel)             in language append on input line 159.
Package babel Info: Redefining russian shorthand "~
(babel)             in language append on input line 159.
Package babel Info: Redefining russian shorthand "|
(babel)             in language append on input line 159.
Package babel Info: Redefining russian shorthand "~
(babel)             in language append on input line 159.
 [3 <./mainGUI.png>]
Package babel Info: Redefining russian shorthand "|
(babel)             in language append on input line 162.
Package babel Info: Redefining russian shorthand "~
(babel)             in language append on input line 162.
Package babel Info: Redefining russian shorthand "|
(babel)             in language append on input line 165.
Package babel Info: Redefining russian shorthand "~
(babel)             in language append on input line 165.
Package babel Info: Redefining russian shorthand "|
(babel)             in language append on input line 169.
Package babel Info: Redefining russian shorthand "~
(babel)             in language append on input line 169.
Package babel Info: Redefining russian shorthand "|
(babel)             in language append on input line 169.
Package babel Info: Redefining russian shorthand "~
(babel)             in language append on input line 169.
 [4 <./gameGUI.png>]
Package babel Info: Redefining russian shorthand "|
(babel)             in language append on input line 170.
Package babel Info: Redefining russian shorthand "~
(babel)             in language append on input line 170.
Package babel Info: Redefining russian shorthand "|
(babel)             in language append on input line 171.
Package babel Info: Redefining russian shorthand "~
(babel)             in language append on input line 171.
Package hyperref Info: bookmark level for unknown lstlisting defaults to 0 on i
nput line 174.
 (../src/main/java/Core/Cell.java
LaTeX Font Info:    External font `cmex10' loaded for size
(Font)              <8> on input line 1.
LaTeX Font Info:    External font `cmex10' loaded for size
(Font)              <6> on input line 1.
Package babel Info: Redefining russian shorthand "|
(babel)             in language append on input line 60.
Package babel Info: Redefining russian shorthand "~
(babel)             in language append on input line 60.
Package babel Info: Redefining russian shorthand "|
(babel)             in language append on input line 60.
Package babel Info: Redefining russian shorthand "~
(babel)             in language append on input line 60.
 [5])
Package babel Info: Redefining russian shorthand "|
(babel)             in language append on input line 175.
Package babel Info: Redefining russian shorthand "~
(babel)             in language append on input line 175.
Package babel Info: Redefining russian shorthand "|
(babel)             in language append on input line 175.
Package babel Info: Redefining russian shorthand "~
(babel)             in language append on input line 175.
 [6]
(../src/main/java/Core/Constants.java
LaTeX Font Info:    Font shape `OMS/cmr/m/n' in size <8> not available
(Font)              Font shape `OMS/cmsy/m/n' tried instead on input line 14.
)
Package babel Info: Redefining russian shorthand "|
(babel)             in language append on input line 179.
Package babel Info: Redefining russian shorthand "~
(babel)             in language append on input line 179.
Package babel Info: Redefining russian shorthand "|
(babel)             in language append on input line 179.
Package babel Info: Redefining russian shorthand "~
(babel)             in language append on input line 179.
 [7]
Package babel Info: Redefining russian shorthand "|
(babel)             in language append on input line 183.
Package babel Info: Redefining russian shorthand "~
(babel)             in language append on input line 183.
 (../src/main/java/GUI/GUI.java
Package babel Info: Redefining russian shorthand "|
(babel)             in language append on input line 61.
Package babel Info: Redefining russian shorthand "~
(babel)             in language append on input line 61.
Package babel Info: Redefining russian shorthand "|
(babel)             in language append on input line 61.
Package babel Info: Redefining russian shorthand "~
(babel)             in language append on input line 61.

[8])
Package babel Info: Redefining russian shorthand "|
(babel)             in language append on input line 187.
Package babel Info: Redefining russian shorthand "~
(babel)             in language append on input line 187.
Package babel Info: Redefining russian shorthand "|
(babel)             in language append on input line 187.
Package babel Info: Redefining russian shorthand "~
(babel)             in language append on input line 187.
 [9] (../src/main/java/GUI/Main.java
Package babel Info: Redefining russian shorthand "|
(babel)             in language append on input line 63.
Package babel Info: Redefining russian shorthand "~
(babel)             in language append on input line 63.
Package babel Info: Redefining russian shorthand "|
(babel)             in language append on input line 63.
Package babel Info: Redefining russian shorthand "~
(babel)             in language append on input line 63.
 [10])
Package babel Info: Redefining russian shorthand "|
(babel)             in language append on input line 191.
Package babel Info: Redefining russian shorthand "~
(babel)             in language append on input line 191.
Package babel Info: Redefining russian shorthand "|
(babel)             in language append on input line 191.
Package babel Info: Redefining russian shorthand "~
(babel)             in language append on input line 191.
 [11]
(../src/main/java/GUI/Sprite.java)
Package babel Info: Redefining russian shorthand "|
(babel)             in language append on input line 195.
Package babel Info: Redefining russian shorthand "~
(babel)             in language append on input line 195.
Package babel Info: Redefining russian shorthand "|
(babel)             in language append on input line 195.
Package babel Info: Redefining russian shorthand "~
(babel)             in language append on input line 195.
 [12]
Package atveryend Info: Empty hook `BeforeClearDocument' on input line 197.
Package atveryend Info: Empty hook `AfterLastShipout' on input line 197.
 (report.aux)
Package atveryend Info: Executing hook `AtVeryEndDocument' on input line 197.
Package atveryend Info: Executing hook `AtEndAfterFileList' on input line 197.
Package rerunfilecheck Info: File `report.out' has not changed.
(rerunfilecheck)             Checksum: 4035119F9905CFA76DF3DAC3D4E73D8B;3316.
Package atveryend Info: Empty hook `AtVeryVeryEnd' on input line 197.
 ) 
Here is how much of TeX's memory you used:
 13289 strings out of 493333
 188799 string characters out of 3139198
 648707 words of memory out of 3000000
 16319 multiletter control sequences out of 15000+200000
 13515 words of font info for 30 fonts, out of 3000000 for 9000
 1141 hyphenation exceptions out of 8191
 36i,6n,40p,756b,1112s stack positions out of 5000i,500n,10000p,200000b,50000s
 <C:\Users\User\AppData\Local\MiKTeX\2.9\fonts\pk\ljfour\lh\lh-t2a\dpi600\lab
x0800.pk> <C:\Users\User\AppData\Local\MiKTeX\2.9\fonts\pk\ljfour\lh\lh-t2a\dpi
600\larm0800.pk> <C:\Users\User\AppData\Local\MiKTeX\2.9\fonts\pk\ljfour\unknow
n\unknown\dpi600\larm1000.pk> <C:\Users\User\AppData\Local\MiKTeX\2.9\fonts\pk\
ljfour\lh\lh-t2a\dpi600\labx1000.pk> <C:\Users\User\AppData\Local\MiKTeX\2.9\fo
nts\pk\ljfour\lh\lh-t2a\dpi600\labx1440.pk> <C:\Users\User\AppData\Local\MiKTeX
\2.9\fonts\pk\ljfour\lh\lh-t2a\dpi600\labx1200.pk> <C:\Users\User\AppData\Local
\MiKTeX\2.9\fonts\pk\ljfour\lh\lh-t2a\dpi600\larm2074.pk> <C:\Users\User\AppDat
a\Local\MiKTeX\2.9\fonts\pk\ljfour\lh\lh-t2a\dpi600\larm1200.pk><C:/Program Fil
es/MiKTeX 2.9/fonts/type1/public/amsfonts/cm/cmmi8.pfb><C:/Program Files/MiKTeX
 2.9/fonts/type1/public/amsfonts/cm/cmsy10.pfb><C:/Program Files/MiKTeX 2.9/fon
ts/type1/public/amsfonts/cm/cmsy8.pfb>
Output written on report.pdf (13 pages, 263769 bytes).
PDF statistics:
 976 PDF objects out of 1000 (max. 8388607)
 373 named destinations out of 1000 (max. 500000)
 139 words of extra memory for PDF output out of 10000 (max. 10000000)

